
  .   ____          _            __ _ _
 /\\ / ___'_ __ _ _(_)_ __  __ _ \ \ \ \
( ( )\___ | '_ | '_| | '_ \/ _` | \ \ \ \
 \\/  ___)| |_)| | | | | || (_| |  ) ) ) )
  '  |____| .__|_| |_|_| |_\__, | / / / /
 =========|_|==============|___/=/_/_/_/

 :: Spring Boot ::               (v3.5.14)

2026-07-23T19:56:08.394+07:00  INFO 36364 --- [api-gateway] [           main] c.g.apigateway.ApiGatewayApplication     : Starting ApiGatewayApplication using Java 21.0.8 with PID 36364 (C:\Users\Admin\OneDrive\Desktop\semester 8\mss301\clinic-appointment-system\infra\api-gateway\target\classes started by Admin in C:\Users\Admin\OneDrive\Desktop\semester 8\mss301\clinic-appointment-system\infra\api-gateway)
2026-07-23T19:56:08.396+07:00  INFO 36364 --- [api-gateway] [           main] c.g.apigateway.ApiGatewayApplication     : No active profile set, falling back to 1 default profile: "default"
2026-07-23T19:56:08.441+07:00  INFO 36364 --- [api-gateway] [           main] o.s.c.c.c.ConfigServerConfigDataLoader   : Fetching config from server at : http://localhost:8889
2026-07-23T19:56:08.442+07:00  INFO 36364 --- [api-gateway] [           main] o.s.c.c.c.ConfigServerConfigDataLoader   : Located environment: name=api-gateway, profiles=[default], label=null, version=null, state=null
2026-07-23T19:56:09.436+07:00  INFO 36364 --- [api-gateway] [           main] o.s.cloud.context.scope.GenericScope     : BeanFactory id=badd6cda-7700-313d-bb38-4568a209bd8a
2026-07-23T19:56:10.002+07:00  WARN 36364 --- [api-gateway] [           main] GatewayClassPathWarningAutoConfiguration : 

**********************************************************

The artifact spring-cloud-gateway-server is deprecated. It will be removed in the next major release. Please add spring-cloud-gateway-server-webflux dependency.

**********************************************************


2026-07-23T19:56:10.264+07:00  INFO 36364 --- [api-gateway] [           main] o.s.c.g.r.RouteDefinitionRouteLocator    : Loaded RoutePredicateFactory [After]
2026-07-23T19:56:10.264+07:00  INFO 36364 --- [api-gateway] [           main] o.s.c.g.r.RouteDefinitionRouteLocator    : Loaded RoutePredicateFactory [Before]
2026-07-23T19:56:10.264+07:00  INFO 36364 --- [api-gateway] [           main] o.s.c.g.r.RouteDefinitionRouteLocator    : Loaded RoutePredicateFactory [Between]
2026-07-23T19:56:10.264+07:00  INFO 36364 --- [api-gateway] [           main] o.s.c.g.r.RouteDefinitionRouteLocator    : Loaded RoutePredicateFactory [Cookie]
2026-07-23T19:56:10.264+07:00  INFO 36364 --- [api-gateway] [           main] o.s.c.g.r.RouteDefinitionRouteLocator    : Loaded RoutePredicateFactory [Header]
2026-07-23T19:56:10.264+07:00  INFO 36364 --- [api-gateway] [           main] o.s.c.g.r.RouteDefinitionRouteLocator    : Loaded RoutePredicateFactory [Host]
2026-07-23T19:56:10.265+07:00  INFO 36364 --- [api-gateway] [           main] o.s.c.g.r.RouteDefinitionRouteLocator    : Loaded RoutePredicateFactory [Method]
2026-07-23T19:56:10.265+07:00  INFO 36364 --- [api-gateway] [           main] o.s.c.g.r.RouteDefinitionRouteLocator    : Loaded RoutePredicateFactory [Path]
2026-07-23T19:56:10.265+07:00  INFO 36364 --- [api-gateway] [           main] o.s.c.g.r.RouteDefinitionRouteLocator    : Loaded RoutePredicateFactory [Query]
2026-07-23T19:56:10.265+07:00  INFO 36364 --- [api-gateway] [           main] o.s.c.g.r.RouteDefinitionRouteLocator    : Loaded RoutePredicateFactory [ReadBody]
2026-07-23T19:56:10.265+07:00  INFO 36364 --- [api-gateway] [           main] o.s.c.g.r.RouteDefinitionRouteLocator    : Loaded RoutePredicateFactory [RemoteAddr]
2026-07-23T19:56:10.265+07:00  INFO 36364 --- [api-gateway] [           main] o.s.c.g.r.RouteDefinitionRouteLocator    : Loaded RoutePredicateFactory [XForwardedRemoteAddr]
2026-07-23T19:56:10.265+07:00  INFO 36364 --- [api-gateway] [           main] o.s.c.g.r.RouteDefinitionRouteLocator    : Loaded RoutePredicateFactory [Weight]
2026-07-23T19:56:10.265+07:00  INFO 36364 --- [api-gateway] [           main] o.s.c.g.r.RouteDefinitionRouteLocator    : Loaded RoutePredicateFactory [CloudFoundryRouteService]
2026-07-23T19:56:10.406+07:00  INFO 36364 --- [api-gateway] [           main] o.s.b.a.e.web.EndpointLinksResolver      : Exposing 3 endpoints beneath base path '/actuator'
2026-07-23T19:56:10.581+07:00  INFO 36364 --- [api-gateway] [           main] DiscoveryClientOptionalArgsConfiguration : Eureka HTTP Client uses RestTemplate.
2026-07-23T19:56:10.599+07:00  WARN 36364 --- [api-gateway] [           main] s.w.s.StarterDeprecatedAutoConfiguration : 

**********************************************************

spring-cloud-starter-gateway is deprecated. It will be removed in the next major release. Please use spring-cloud-starter-gateway-server-webflux instead.

**********************************************************


2026-07-23T19:56:10.607+07:00  WARN 36364 --- [api-gateway] [           main] iguration$LoadBalancerCaffeineWarnLogger : Spring Cloud LoadBalancer is currently working with the default cache. While this cache implementation is useful for development and tests, it's recommended to use Caffeine cache in production.You can switch to using Caffeine cache, by adding it and org.springframework.cache.caffeine.CaffeineCacheManager to the classpath.
2026-07-23T19:56:10.645+07:00  INFO 36364 --- [api-gateway] [           main] o.s.c.n.eureka.InstanceInfoFactory       : Setting initial instance status as: STARTING
2026-07-23T19:56:10.669+07:00  INFO 36364 --- [api-gateway] [           main] com.netflix.discovery.DiscoveryClient    : Initializing Eureka in region us-east-1
2026-07-23T19:56:10.675+07:00  INFO 36364 --- [api-gateway] [           main] c.n.d.s.r.aws.ConfigClusterResolver      : Resolving eureka endpoints via configuration
2026-07-23T19:56:10.685+07:00  INFO 36364 --- [api-gateway] [           main] com.netflix.discovery.DiscoveryClient    : Disable delta property : false
2026-07-23T19:56:10.686+07:00  INFO 36364 --- [api-gateway] [           main] com.netflix.discovery.DiscoveryClient    : Single vip registry refresh property : null
2026-07-23T19:56:10.686+07:00  INFO 36364 --- [api-gateway] [           main] com.netflix.discovery.DiscoveryClient    : Force full registry fetch : false
2026-07-23T19:56:10.686+07:00  INFO 36364 --- [api-gateway] [           main] com.netflix.discovery.DiscoveryClient    : Application is null : false
2026-07-23T19:56:10.686+07:00  INFO 36364 --- [api-gateway] [           main] com.netflix.discovery.DiscoveryClient    : Registered Applications size is zero : true
2026-07-23T19:56:10.687+07:00  INFO 36364 --- [api-gateway] [           main] com.netflix.discovery.DiscoveryClient    : Application version is -1: true
2026-07-23T19:56:10.687+07:00  INFO 36364 --- [api-gateway] [           main] com.netflix.discovery.DiscoveryClient    : Getting all instance registry info from the eureka server
2026-07-23T19:56:11.003+07:00  INFO 36364 --- [api-gateway] [           main] com.netflix.discovery.DiscoveryClient    : The response status is 200
2026-07-23T19:56:11.005+07:00  INFO 36364 --- [api-gateway] [           main] com.netflix.discovery.DiscoveryClient    : Starting heartbeat executor: renew interval is: 30
2026-07-23T19:56:11.007+07:00  INFO 36364 --- [api-gateway] [           main] c.n.discovery.InstanceInfoReplicator     : InstanceInfoReplicator onDemand update allowed rate per min is 4
2026-07-23T19:56:11.009+07:00  INFO 36364 --- [api-gateway] [           main] com.netflix.discovery.DiscoveryClient    : Discovery Client initialized at timestamp 1784811371009 with initial instances count: 7
2026-07-23T19:56:11.012+07:00  INFO 36364 --- [api-gateway] [           main] o.s.c.n.e.s.EurekaServiceRegistry        : Registering application API-GATEWAY with eureka with status UP
2026-07-23T19:56:11.013+07:00  INFO 36364 --- [api-gateway] [           main] com.netflix.discovery.DiscoveryClient    : Saw local status change event StatusChangeEvent [timestamp=1784811371013, current=UP, previous=STARTING]
2026-07-23T19:56:11.014+07:00  INFO 36364 --- [api-gateway] [foReplicator-%d] com.netflix.discovery.DiscoveryClient    : DiscoveryClient_API-GATEWAY/PCBYHIEULT:api-gateway:8080: registering service...
2026-07-23T19:56:11.050+07:00  INFO 36364 --- [api-gateway] [foReplicator-%d] com.netflix.discovery.DiscoveryClient    : DiscoveryClient_API-GATEWAY/PCBYHIEULT:api-gateway:8080 - registration status: 204
2026-07-23T19:56:11.235+07:00  INFO 36364 --- [api-gateway] [           main] o.s.b.web.embedded.netty.NettyWebServer  : Netty started on port 8080 (http)
2026-07-23T19:56:11.237+07:00  INFO 36364 --- [api-gateway] [           main] .s.c.n.e.s.EurekaAutoServiceRegistration : Updating port to 8080
2026-07-23T19:56:11.264+07:00  INFO 36364 --- [api-gateway] [           main] c.g.apigateway.ApiGatewayApplication     : Started ApiGatewayApplication in 3.69 seconds (process running for 4.128)
2026-07-23T19:56:34.367+07:00  INFO 36364 --- [api-gateway] [     parallel-2] c.g.apigateway.filter.LoggingFilter      : Gateway request started correlationId=dd33a7af-40d8-4d44-abbc-067ab7c031d6 method=POST uri=/auth/login
2026-07-23T19:56:34.553+07:00  INFO 36364 --- [api-gateway] [ctor-http-nio-4] c.g.apigateway.filter.LoggingFilter      : Gateway request completed correlationId=dd33a7af-40d8-4d44-abbc-067ab7c031d6 method=POST uri=/auth/login status=500 durationMs=186
2026-07-23T19:57:49.810+07:00  INFO 36364 --- [api-gateway] [     parallel-6] c.g.apigateway.filter.LoggingFilter      : Gateway request started correlationId=9e8b167d-fb2d-4514-acde-7791c81419bb method=POST uri=/auth/login
2026-07-23T19:57:49.829+07:00  INFO 36364 --- [api-gateway] [ctor-http-nio-9] c.g.apigateway.filter.LoggingFilter      : Gateway request completed correlationId=9e8b167d-fb2d-4514-acde-7791c81419bb method=POST uri=/auth/login status=401 durationMs=19
2026-07-23T19:58:41.151+07:00  INFO 36364 --- [api-gateway] [beatExecutor-%d] com.netflix.discovery.DiscoveryClient    : DiscoveryClient_API-GATEWAY/PCBYHIEULT:api-gateway:8080 - Re-registering apps/API-GATEWAY
2026-07-23T19:58:41.152+07:00  INFO 36364 --- [api-gateway] [beatExecutor-%d] com.netflix.discovery.DiscoveryClient    : DiscoveryClient_API-GATEWAY/PCBYHIEULT:api-gateway:8080: registering service...
2026-07-23T19:58:41.156+07:00  INFO 36364 --- [api-gateway] [beatExecutor-%d] com.netflix.discovery.DiscoveryClient    : DiscoveryClient_API-GATEWAY/PCBYHIEULT:api-gateway:8080 - registration status: 204
[ERROR] Failed to execute goal org.springframework.boot:spring-boot-maven-plugin:3.5.14:run (default-cli) on project api-gateway: Process terminated with exit code: 1 -> [Help 1]
[ERROR] 
[ERROR] To see the full stack trace of the errors, re-run Maven with the -e switch.
[ERROR] Re-run Maven using the -X switch to enable full debug logging.
[ERROR] 
[ERROR] For more information about the errors and possible solutions, please read the following articles:
[ERROR] [Help 1] http://cwiki.apache.org/confluence/display/MAVEN/MojoExecutionException
