[INFO] Scanning for projects...
[INFO] 
[INFO] ---------------------< com.group01:eureka-server >----------------------
[INFO] Building eureka-server 1.0-SNAPSHOT
[INFO] --------------------------------[ jar ]---------------------------------
[INFO] 
[INFO] >>> spring-boot-maven-plugin:3.5.14:run (default-cli) > test-compile @ eureka-server >>>
[INFO] 
[INFO] --- maven-resources-plugin:2.6:resources (default-resources) @ eureka-server ---
[INFO] Using 'UTF-8' encoding to copy filtered resources.
[INFO] Copying 1 resource
[INFO] 
[INFO] --- maven-compiler-plugin:3.1:compile (default-compile) @ eureka-server ---
[INFO] Changes detected - recompiling the module!
[INFO] Compiling 1 source file to D:\1-group-project-mss\clinic-appointment-system\infra\eureka-server\target\classes
[INFO] 
[INFO] --- maven-resources-plugin:2.6:testResources (default-testResources) @ eureka-server ---
[INFO] Using 'UTF-8' encoding to copy filtered resources.
[INFO] skip non existing resourceDirectory D:\1-group-project-mss\clinic-appointment-system\infra\eureka-server\src\test\resources
[INFO] 
[INFO] --- maven-compiler-plugin:3.1:testCompile (default-testCompile) @ eureka-server ---
[INFO] Changes detected - recompiling the module!
[INFO] Compiling 1 source file to D:\1-group-project-mss\clinic-appointment-system\infra\eureka-server\target\test-classes
[INFO] 
[INFO] <<< spring-boot-maven-plugin:3.5.14:run (default-cli) < test-compile @ eureka-server <<<
[INFO] 
[INFO] 
[INFO] --- spring-boot-maven-plugin:3.5.14:run (default-cli) @ eureka-server ---
[INFO] Attaching agents: []

  .   ____          _            __ _ _
 /\\ / ___'_ __ _ _(_)_ __  __ _ \ \ \ \
( ( )\___ | '_ | '_| | '_ \/ _` | \ \ \ \
 \\/  ___)| |_)| | | | | || (_| |  ) ) ) )
  '  |____| .__|_| |_|_| |_\__, | / / / /
 =========|_|==============|___/=/_/_/_/

 :: Spring Boot ::               (v3.5.14)

2026-06-06T18:29:32.860+07:00  INFO 15840 --- [eureka-server] [           main] c.g.e.EurekaServerApplication            : Starting EurekaServerApplication using Java 21.0.6 with PID 15840 (D:\1-group-project-mss\clinic-appointment-system\infra\eureka-server\target\classes started by Do Chien in D:\1-group-project-mss\clinic-appointment-system\infra\eureka-server)
2026-06-06T18:29:32.866+07:00  INFO 15840 --- [eureka-server] [           main] c.g.e.EurekaServerApplication            : No active profile set, falling back to 1 default profile: "default"
2026-06-06T18:29:36.004+07:00  INFO 15840 --- [eureka-server] [           main] o.s.cloud.context.scope.GenericScope     : BeanFactory id=e37f32bc-f0ca-3916-86b4-f460c32ba183
2026-06-06T18:29:37.305+07:00  INFO 15840 --- [eureka-server] [           main] o.s.b.w.embedded.tomcat.TomcatWebServer  : Tomcat initialized with port 8761 (http)
2026-06-06T18:29:37.389+07:00  INFO 15840 --- [eureka-server] [           main] o.apache.catalina.core.StandardService   : Starting service [Tomcat]
2026-06-06T18:29:37.390+07:00  INFO 15840 --- [eureka-server] [           main] o.apache.catalina.core.StandardEngine    : Starting Servlet engine: [Apache Tomcat/10.1.54]
2026-06-06T18:29:38.115+07:00  INFO 15840 --- [eureka-server] [           main] o.a.c.c.C.[Tomcat].[localhost].[/]       : Initializing Spring embedded WebApplicationContext
2026-06-06T18:29:38.118+07:00  INFO 15840 --- [eureka-server] [           main] w.s.c.ServletWebServerApplicationContext : Root WebApplicationContext: initialization completed in 5104 ms
2026-06-06T18:29:44.178+07:00  INFO 15840 --- [eureka-server] [           main] c.n.d.provider.DiscoveryJerseyProvider   : Using JSON encoding codec LegacyJacksonJson
2026-06-06T18:29:44.183+07:00  INFO 15840 --- [eureka-server] [           main] c.n.d.provider.DiscoveryJerseyProvider   : Using JSON decoding codec LegacyJacksonJson
2026-06-06T18:29:44.640+07:00  INFO 15840 --- [eureka-server] [           main] c.n.d.provider.DiscoveryJerseyProvider   : Using XML encoding codec XStreamXml
2026-06-06T18:29:44.642+07:00  INFO 15840 --- [eureka-server] [           main] c.n.d.provider.DiscoveryJerseyProvider   : Using XML decoding codec XStreamXml
2026-06-06T18:29:45.162+07:00  INFO 15840 --- [eureka-server] [           main] o.s.v.b.OptionalValidatorFactoryBean     : Failed to set up a Bean Validation provider: jakarta.validation.NoProviderFoundException: Unable to create a Configuration, because no Jakarta Bean Validation provider could be found. Add a provider like Hibernate Validator (RI) to your classpath.
2026-06-06T18:29:46.557+07:00  WARN 15840 --- [eureka-server] [           main] iguration$LoadBalancerCaffeineWarnLogger : Spring Cloud LoadBalancer is currently working with the default cache. While this cache implementation is useful for development and tests, it's recommended to use Caffeine cache in production.You can switch to using Caffeine cache, by adding it and org.springframework.cache.caffeine.CaffeineCacheManager to the classpath.
2026-06-06T18:29:46.588+07:00  INFO 15840 --- [eureka-server] [           main] o.s.c.n.eureka.InstanceInfoFactory       : Setting initial instance status as: STARTING
2026-06-06T18:29:46.664+07:00  INFO 15840 --- [eureka-server] [           main] com.netflix.discovery.DiscoveryClient    : Initializing Eureka in region us-east-1
2026-06-06T18:29:46.665+07:00  INFO 15840 --- [eureka-server] [           main] com.netflix.discovery.DiscoveryClient    : Client configured to neither register nor query for data.
2026-06-06T18:29:46.669+07:00  INFO 15840 --- [eureka-server] [           main] com.netflix.discovery.DiscoveryClient    : Discovery Client initialized at timestamp 1780745386667 with initial instances count: 0
2026-06-06T18:29:46.745+07:00  INFO 15840 --- [eureka-server] [           main] c.n.eureka.DefaultEurekaServerContext    : Initializing ...
2026-06-06T18:29:46.748+07:00  INFO 15840 --- [eureka-server] [           main] c.n.eureka.cluster.PeerEurekaNodes       : Adding new peer nodes [http://localhost:8761/eureka/]
2026-06-06T18:29:46.977+07:00  INFO 15840 --- [eureka-server] [           main] c.n.d.provider.DiscoveryJerseyProvider   : Using JSON encoding codec LegacyJacksonJson
2026-06-06T18:29:46.978+07:00  INFO 15840 --- [eureka-server] [           main] c.n.d.provider.DiscoveryJerseyProvider   : Using JSON decoding codec LegacyJacksonJson
2026-06-06T18:29:46.978+07:00  INFO 15840 --- [eureka-server] [           main] c.n.d.provider.DiscoveryJerseyProvider   : Using XML encoding codec XStreamXml
2026-06-06T18:29:46.979+07:00  INFO 15840 --- [eureka-server] [           main] c.n.d.provider.DiscoveryJerseyProvider   : Using XML decoding codec XStreamXml
2026-06-06T18:29:47.047+07:00  INFO 15840 --- [eureka-server] [           main] c.n.eureka.cluster.PeerEurekaNodes       : Replica node URL:  http://localhost:8761/eureka/
2026-06-06T18:29:47.061+07:00  INFO 15840 --- [eureka-server] [           main] c.n.e.registry.AbstractInstanceRegistry  : Finished initializing remote region registries. All known remote regions: []
2026-06-06T18:29:47.062+07:00  INFO 15840 --- [eureka-server] [           main] c.n.eureka.DefaultEurekaServerContext    : Initialized
2026-06-06T18:29:47.083+07:00  INFO 15840 --- [eureka-server] [           main] o.s.b.a.e.web.EndpointLinksResolver      : Exposing 2 endpoints beneath base path '/actuator'
2026-06-06T18:29:47.162+07:00  INFO 15840 --- [eureka-server] [           main] o.s.c.n.e.s.EurekaServiceRegistry        : Registering application EUREKA-SERVER with eureka with status UP
2026-06-06T18:29:47.186+07:00  INFO 15840 --- [eureka-server] [       Thread-9] o.s.c.n.e.server.EurekaServerBootstrap   : isAws returned false
2026-06-06T18:29:47.186+07:00  INFO 15840 --- [eureka-server] [       Thread-9] o.s.c.n.e.server.EurekaServerBootstrap   : Initialized server context
2026-06-06T18:29:47.187+07:00  INFO 15840 --- [eureka-server] [       Thread-9] c.n.e.r.PeerAwareInstanceRegistryImpl    : Got 1 instances from neighboring DS node
2026-06-06T18:29:47.187+07:00  INFO 15840 --- [eureka-server] [       Thread-9] c.n.e.r.PeerAwareInstanceRegistryImpl    : Renew threshold is: 1
2026-06-06T18:29:47.188+07:00  INFO 15840 --- [eureka-server] [       Thread-9] c.n.e.r.PeerAwareInstanceRegistryImpl    : Changing status to UP
2026-06-06T18:29:47.193+07:00  INFO 15840 --- [eureka-server] [       Thread-9] e.s.EurekaServerInitializerConfiguration : Started Eureka Server
2026-06-06T18:29:47.227+07:00  INFO 15840 --- [eureka-server] [           main] o.s.b.w.embedded.tomcat.TomcatWebServer  : Tomcat started on port 8761 (http) with context path '/'
2026-06-06T18:29:47.229+07:00  INFO 15840 --- [eureka-server] [           main] .s.c.n.e.s.EurekaAutoServiceRegistration : Updating port to 8761
2026-06-06T18:29:47.264+07:00  INFO 15840 --- [eureka-server] [           main] c.g.e.EurekaServerApplication            : Started EurekaServerApplication in 16.133 seconds (process running for 19.008)
2026-06-06T18:30:05.731+07:00  INFO 15840 --- [eureka-server] [nio-8761-exec-1] o.a.c.c.C.[Tomcat].[localhost].[/]       : Initializing Spring DispatcherServlet 'dispatcherServlet'
2026-06-06T18:30:05.732+07:00  INFO 15840 --- [eureka-server] [nio-8761-exec-1] o.s.web.servlet.DispatcherServlet        : Initializing Servlet 'dispatcherServlet'
2026-06-06T18:30:05.736+07:00  INFO 15840 --- [eureka-server] [nio-8761-exec-1] o.s.web.servlet.DispatcherServlet        : Completed initialization in 2 ms
2026-06-06T18:30:47.190+07:00  INFO 15840 --- [eureka-server] [a-EvictionTimer] c.n.e.registry.AbstractInstanceRegistry  : Running the evict task with compensationTime 0ms
2026-06-06T18:31:34.826+07:00  INFO 15840 --- [eureka-server] [nio-8761-exec-5] c.n.e.registry.AbstractInstanceRegistry  : Registered instance USER-SERVICE/DESKTOP-OPQKFUV.mshome.net:user-service:8085 with status UP (replication=false)
2026-06-06T18:31:35.654+07:00  INFO 15840 --- [eureka-server] [nio-8761-exec-4] c.n.e.registry.AbstractInstanceRegistry  : Registered instance USER-SERVICE/DESKTOP-OPQKFUV.mshome.net:user-service:8085 with status UP (replication=true)
2026-06-06T18:31:47.201+07:00  INFO 15840 --- [eureka-server] [a-EvictionTimer] c.n.e.registry.AbstractInstanceRegistry  : Running the evict task with compensationTime 11ms
2026-06-06T18:32:47.217+07:00  INFO 15840 --- [eureka-server] [a-EvictionTimer] c.n.e.registry.AbstractInstanceRegistry  : Running the evict task with compensationTime 15ms
2026-06-06T18:32:48.189+07:00  INFO 15840 --- [eureka-server] [nio-8761-exec-3] c.n.e.registry.AbstractInstanceRegistry  : Registered instance API-GATEWAY/DESKTOP-OPQKFUV.mshome.net:api-gateway:8080 with status UP (replication=false)
2026-06-06T18:32:48.725+07:00  INFO 15840 --- [eureka-server] [nio-8761-exec-5] c.n.e.registry.AbstractInstanceRegistry  : Registered instance API-GATEWAY/DESKTOP-OPQKFUV.mshome.net:api-gateway:8080 with status UP (replication=true)
2026-06-06T18:33:47.224+07:00  INFO 15840 --- [eureka-server] [a-EvictionTimer] c.n.e.registry.AbstractInstanceRegistry  : Running the evict task with compensationTime 6ms
[INFO] ------------------------------------------------------------------------
[INFO] BUILD FAILURE
[INFO] ------------------------------------------------------------------------
[INFO] Total time:  04:41 min
[INFO] Finished at: 2026-06-06T18:33:52+07:00
[INFO] ------------------------------------------------------------------------
[ERROR] Failed to execute goal org.springframework.boot:spring-boot-maven-plugin:3.5.14:run (default-cli) on project eureka-server: Process terminated with exit code: -1 -> [Help 1]
[ERROR] 
[ERROR] To see the full stack trace of the errors, re-run Maven with the -e switch.
[ERROR] Re-run Maven using the -X switch to enable full debug logging.
[ERROR] 
[ERROR] For more information about the errors and possible solutions, please read the following articles:
[ERROR] [Help 1] http://cwiki.apache.org/confluence/display/MAVEN/MojoExecutionException
