[INFO] Scanning for projects...
[INFO] 
[INFO] --------------------------< com.group01:user >--------------------------
[INFO] Building user-service 1.0-SNAPSHOT
[INFO] --------------------------------[ jar ]---------------------------------
[INFO] 
[INFO] >>> spring-boot-maven-plugin:3.5.14:run (default-cli) > test-compile @ user >>>
[INFO] 
[INFO] --- maven-resources-plugin:2.6:resources (default-resources) @ user ---
[INFO] Using 'UTF-8' encoding to copy filtered resources.
[INFO] Copying 3 resources
[INFO] 
[INFO] --- maven-compiler-plugin:3.14.0:compile (default-compile) @ user ---
[INFO] Nothing to compile - all classes are up to date.
[INFO] 
[INFO] --- maven-resources-plugin:2.6:testResources (default-testResources) @ user ---
[INFO] Using 'UTF-8' encoding to copy filtered resources.
[INFO] skip non existing resourceDirectory D:\1-group-project-mss\clinic-appointment-system\services\user-service\src\test\resources
[INFO] 
[INFO] --- maven-compiler-plugin:3.14.0:testCompile (default-testCompile) @ user ---
[INFO] Nothing to compile - all classes are up to date.
[INFO] 
[INFO] <<< spring-boot-maven-plugin:3.5.14:run (default-cli) < test-compile @ user <<<
[INFO] 
[INFO] 
[INFO] --- spring-boot-maven-plugin:3.5.14:run (default-cli) @ user ---
[INFO] Attaching agents: []

  .   ____          _            __ _ _
 /\\ / ___'_ __ _ _(_)_ __  __ _ \ \ \ \
( ( )\___ | '_ | '_| | '_ \/ _` | \ \ \ \
 \\/  ___)| |_)| | | | | || (_| |  ) ) ) )
  '  |____| .__|_| |_|_| |_\__, | / / / /
 =========|_|==============|___/=/_/_/_/

 :: Spring Boot ::               (v3.5.14)

2026-06-06T18:35:08.438+07:00  INFO 18924 --- [user-service] [           main] c.group01.user.UserServiceApplication    : Starting UserServiceApplication using Java 21.0.6 with PID 18924 (D:\1-group-project-mss\clinic-appointment-system\services\user-service\target\classes started by Do Chien in D:\1-group-project-mss\clinic-appointment-system\services\user-service)
2026-06-06T18:35:08.442+07:00  INFO 18924 --- [user-service] [           main] c.group01.user.UserServiceApplication    : No active profile set, falling back to 1 default profile: "default"
2026-06-06T18:35:09.968+07:00  INFO 18924 --- [user-service] [           main] .s.d.r.c.RepositoryConfigurationDelegate : Bootstrapping Spring Data JPA repositories in DEFAULT mode.
2026-06-06T18:35:10.235+07:00  INFO 18924 --- [user-service] [           main] .s.d.r.c.RepositoryConfigurationDelegate : Finished Spring Data repository scanning in 253 ms. Found 3 JPA repository interfaces.
2026-06-06T18:35:10.529+07:00  INFO 18924 --- [user-service] [           main] o.s.cloud.context.scope.GenericScope     : BeanFactory id=345f4ac5-ec67-3627-84b6-dd5a2c446f29
2026-06-06T18:35:11.095+07:00  INFO 18924 --- [user-service] [           main] o.s.b.w.embedded.tomcat.TomcatWebServer  : Tomcat initialized with port 8085 (http)
2026-06-06T18:35:11.115+07:00  INFO 18924 --- [user-service] [           main] o.apache.catalina.core.StandardService   : Starting service [Tomcat]
2026-06-06T18:35:11.115+07:00  INFO 18924 --- [user-service] [           main] o.apache.catalina.core.StandardEngine    : Starting Servlet engine: [Apache Tomcat/10.1.54]
2026-06-06T18:35:11.211+07:00  INFO 18924 --- [user-service] [           main] o.a.c.c.C.[Tomcat].[localhost].[/]       : Initializing Spring embedded WebApplicationContext
2026-06-06T18:35:11.213+07:00  INFO 18924 --- [user-service] [           main] w.s.c.ServletWebServerApplicationContext : Root WebApplicationContext: initialization completed in 2719 ms
2026-06-06T18:35:11.753+07:00  INFO 18924 --- [user-service] [           main] com.zaxxer.hikari.HikariDataSource       : HikariPool-1 - Starting...
2026-06-06T18:35:12.027+07:00  INFO 18924 --- [user-service] [           main] com.zaxxer.hikari.pool.HikariPool        : HikariPool-1 - Added connection org.postgresql.jdbc.PgConnection@2a65e237
2026-06-06T18:35:12.029+07:00  INFO 18924 --- [user-service] [           main] com.zaxxer.hikari.HikariDataSource       : HikariPool-1 - Start completed.
2026-06-06T18:35:12.082+07:00  INFO 18924 --- [user-service] [           main] org.flywaydb.core.FlywayExecutor         : Database: jdbc:postgresql://localhost:5432/user_db (PostgreSQL 18.4)
2026-06-06T18:35:12.113+07:00  WARN 18924 --- [user-service] [           main] o.f.c.internal.database.base.Database    : Flyway upgrade recommended: PostgreSQL 18.4 is newer than this version of Flyway and support has not been tested. The latest supported version of PostgreSQL is 17.
2026-06-06T18:35:12.184+07:00  INFO 18924 --- [user-service] [           main] o.f.core.internal.command.DbValidate     : Successfully validated 2 migrations (execution time 00:00.049s)
2026-06-06T18:35:12.210+07:00  INFO 18924 --- [user-service] [           main] o.f.core.internal.command.DbMigrate      : Current version of schema "public": 2
2026-06-06T18:35:12.213+07:00  INFO 18924 --- [user-service] [           main] o.f.core.internal.command.DbMigrate      : Schema "public" is up to date. No migration necessary.
2026-06-06T18:35:12.342+07:00  INFO 18924 --- [user-service] [           main] o.hibernate.jpa.internal.util.LogHelper  : HHH000204: Processing PersistenceUnitInfo [name: default]
2026-06-06T18:35:12.434+07:00  INFO 18924 --- [user-service] [           main] org.hibernate.Version                    : HHH000412: Hibernate ORM core version 6.6.49.Final
2026-06-06T18:35:12.494+07:00  INFO 18924 --- [user-service] [           main] o.h.c.internal.RegionFactoryInitiator    : HHH000026: Second-level cache disabled
2026-06-06T18:35:12.940+07:00  INFO 18924 --- [user-service] [           main] o.s.o.j.p.SpringPersistenceUnitInfo      : No LoadTimeWeaver setup: ignoring JPA class transformer
2026-06-06T18:35:13.034+07:00  WARN 18924 --- [user-service] [           main] org.hibernate.orm.deprecation            : HHH90000025: PostgreSQLDialect does not need to be specified explicitly using 'hibernate.dialect' (remove the property setting and it will be selected by default)
2026-06-06T18:35:13.056+07:00  INFO 18924 --- [user-service] [           main] org.hibernate.orm.connections.pooling    : HHH10001005: Database info:
	Database JDBC URL [Connecting through datasource 'HikariDataSource (HikariPool-1)']
	Database driver: undefined/unknown
	Database version: 18.4
	Autocommit mode: undefined/unknown
	Isolation level: undefined/unknown
	Minimum pool size: undefined/unknown
	Maximum pool size: undefined/unknown
2026-06-06T18:35:14.454+07:00  INFO 18924 --- [user-service] [           main] o.h.e.t.j.p.i.JtaPlatformInitiator       : HHH000489: No JTA platform available (set 'hibernate.transaction.jta.platform' to enable JTA platform integration)
2026-06-06T18:35:14.532+07:00  INFO 18924 --- [user-service] [           main] j.LocalContainerEntityManagerFactoryBean : Initialized JPA EntityManagerFactory for persistence unit 'default'
2026-06-06T18:35:15.468+07:00  INFO 18924 --- [user-service] [           main] o.s.d.j.r.query.QueryEnhancerFactory     : Hibernate is in classpath; If applicable, HQL parser will be used.
2026-06-06T18:35:16.947+07:00  INFO 18924 --- [user-service] [           main] DiscoveryClientOptionalArgsConfiguration : Eureka HTTP Client uses RestTemplate.
2026-06-06T18:35:16.998+07:00  WARN 18924 --- [user-service] [           main] iguration$LoadBalancerCaffeineWarnLogger : Spring Cloud LoadBalancer is currently working with the default cache. While this cache implementation is useful for development and tests, it's recommended to use Caffeine cache in production.You can switch to using Caffeine cache, by adding it and org.springframework.cache.caffeine.CaffeineCacheManager to the classpath.
2026-06-06T18:35:17.006+07:00  INFO 18924 --- [user-service] [           main] o.s.b.a.e.web.EndpointLinksResolver      : Exposing 2 endpoints beneath base path '/actuator'
2026-06-06T18:35:17.094+07:00  INFO 18924 --- [user-service] [           main] o.s.c.n.eureka.InstanceInfoFactory       : Setting initial instance status as: STARTING
2026-06-06T18:35:17.149+07:00  INFO 18924 --- [user-service] [           main] com.netflix.discovery.DiscoveryClient    : Initializing Eureka in region us-east-1
2026-06-06T18:35:17.159+07:00  INFO 18924 --- [user-service] [           main] c.n.d.s.r.aws.ConfigClusterResolver      : Resolving eureka endpoints via configuration
2026-06-06T18:35:17.185+07:00  INFO 18924 --- [user-service] [           main] com.netflix.discovery.DiscoveryClient    : Disable delta property : false
2026-06-06T18:35:17.186+07:00  INFO 18924 --- [user-service] [           main] com.netflix.discovery.DiscoveryClient    : Single vip registry refresh property : null
2026-06-06T18:35:17.187+07:00  INFO 18924 --- [user-service] [           main] com.netflix.discovery.DiscoveryClient    : Force full registry fetch : false
2026-06-06T18:35:17.187+07:00  INFO 18924 --- [user-service] [           main] com.netflix.discovery.DiscoveryClient    : Application is null : false
2026-06-06T18:35:17.188+07:00  INFO 18924 --- [user-service] [           main] com.netflix.discovery.DiscoveryClient    : Registered Applications size is zero : true
2026-06-06T18:35:17.188+07:00  INFO 18924 --- [user-service] [           main] com.netflix.discovery.DiscoveryClient    : Application version is -1: true
2026-06-06T18:35:17.189+07:00  INFO 18924 --- [user-service] [           main] com.netflix.discovery.DiscoveryClient    : Getting all instance registry info from the eureka server
2026-06-06T18:35:18.100+07:00  INFO 18924 --- [user-service] [           main] com.netflix.discovery.DiscoveryClient    : The response status is 200
2026-06-06T18:35:18.103+07:00  INFO 18924 --- [user-service] [           main] com.netflix.discovery.DiscoveryClient    : Starting heartbeat executor: renew interval is: 30
2026-06-06T18:35:18.109+07:00  INFO 18924 --- [user-service] [           main] c.n.discovery.InstanceInfoReplicator     : InstanceInfoReplicator onDemand update allowed rate per min is 4
2026-06-06T18:35:18.115+07:00  INFO 18924 --- [user-service] [           main] com.netflix.discovery.DiscoveryClient    : Discovery Client initialized at timestamp 1780745718113 with initial instances count: 0
2026-06-06T18:35:18.127+07:00  INFO 18924 --- [user-service] [           main] o.s.c.n.e.s.EurekaServiceRegistry        : Registering application USER-SERVICE with eureka with status UP
2026-06-06T18:35:18.130+07:00  INFO 18924 --- [user-service] [           main] com.netflix.discovery.DiscoveryClient    : Saw local status change event StatusChangeEvent [timestamp=1780745718130, current=UP, previous=STARTING]
2026-06-06T18:35:18.138+07:00  INFO 18924 --- [user-service] [foReplicator-%d] com.netflix.discovery.DiscoveryClient    : DiscoveryClient_USER-SERVICE/DESKTOP-OPQKFUV.mshome.net:user-service:8085: registering service...
2026-06-06T18:35:18.197+07:00  INFO 18924 --- [user-service] [           main] o.s.b.w.embedded.tomcat.TomcatWebServer  : Tomcat started on port 8085 (http) with context path '/'
2026-06-06T18:35:18.199+07:00  INFO 18924 --- [user-service] [           main] .s.c.n.e.s.EurekaAutoServiceRegistration : Updating port to 8085
2026-06-06T18:35:18.239+07:00  INFO 18924 --- [user-service] [           main] c.group01.user.UserServiceApplication    : Started UserServiceApplication in 10.468 seconds (process running for 11.717)
2026-06-06T18:35:18.359+07:00  INFO 18924 --- [user-service] [foReplicator-%d] com.netflix.discovery.DiscoveryClient    : DiscoveryClient_USER-SERVICE/DESKTOP-OPQKFUV.mshome.net:user-service:8085 - registration status: 204
2026-06-06T18:35:18.708+07:00  INFO 18924 --- [user-service] [nio-8085-exec-1] o.a.c.c.C.[Tomcat].[localhost].[/]       : Initializing Spring DispatcherServlet 'dispatcherServlet'
2026-06-06T18:35:18.708+07:00  INFO 18924 --- [user-service] [nio-8085-exec-1] o.s.web.servlet.DispatcherServlet        : Initializing Servlet 'dispatcherServlet'
2026-06-06T18:35:18.712+07:00  INFO 18924 --- [user-service] [nio-8085-exec-1] o.s.web.servlet.DispatcherServlet        : Completed initialization in 3 ms
2026-06-06T18:35:48.118+07:00  INFO 18924 --- [user-service] [reshExecutor-%d] com.netflix.discovery.DiscoveryClient    : Disable delta property : false
2026-06-06T18:35:48.119+07:00  INFO 18924 --- [user-service] [reshExecutor-%d] com.netflix.discovery.DiscoveryClient    : Single vip registry refresh property : null
2026-06-06T18:35:48.119+07:00  INFO 18924 --- [user-service] [reshExecutor-%d] com.netflix.discovery.DiscoveryClient    : Force full registry fetch : false
2026-06-06T18:35:48.120+07:00  INFO 18924 --- [user-service] [reshExecutor-%d] com.netflix.discovery.DiscoveryClient    : Application is null : false
2026-06-06T18:35:48.121+07:00  INFO 18924 --- [user-service] [reshExecutor-%d] com.netflix.discovery.DiscoveryClient    : Registered Applications size is zero : true
2026-06-06T18:35:48.121+07:00  INFO 18924 --- [user-service] [reshExecutor-%d] com.netflix.discovery.DiscoveryClient    : Application version is -1: false
2026-06-06T18:35:48.122+07:00  INFO 18924 --- [user-service] [reshExecutor-%d] com.netflix.discovery.DiscoveryClient    : Getting all instance registry info from the eureka server
2026-06-06T18:35:48.182+07:00  INFO 18924 --- [user-service] [reshExecutor-%d] com.netflix.discovery.DiscoveryClient    : The response status is 200
2026-06-06T18:40:17.205+07:00  INFO 18924 --- [user-service] [rap-executor-%d] c.n.d.s.r.aws.ConfigClusterResolver      : Resolving eureka endpoints via configuration
2026-06-06T18:45:17.223+07:00  INFO 18924 --- [user-service] [rap-executor-%d] c.n.d.s.r.aws.ConfigClusterResolver      : Resolving eureka endpoints via configuration
2026-06-06T18:50:17.260+07:00  INFO 18924 --- [user-service] [rap-executor-%d] c.n.d.s.r.aws.ConfigClusterResolver      : Resolving eureka endpoints via configuration
2026-06-06T18:55:17.294+07:00  INFO 18924 --- [user-service] [rap-executor-%d] c.n.d.s.r.aws.ConfigClusterResolver      : Resolving eureka endpoints via configuration
