[INFO] Scanning for projects...
[INFO] 
[INFO] ----------------------< com.group01:api-gateway >-----------------------
[INFO] Building api-gateway 1.0-SNAPSHOT
[INFO] --------------------------------[ jar ]---------------------------------
[INFO] 
[INFO] >>> spring-boot-maven-plugin:3.5.14:run (default-cli) > test-compile @ api-gateway >>>
[INFO] 
[INFO] --- maven-resources-plugin:2.6:resources (default-resources) @ api-gateway ---
[INFO] Using 'UTF-8' encoding to copy filtered resources.
[INFO] Copying 1 resource
[INFO] 
[INFO] --- maven-compiler-plugin:3.14.0:compile (default-compile) @ api-gateway ---
[INFO] Nothing to compile - all classes are up to date.
[INFO] 
[INFO] --- maven-resources-plugin:2.6:testResources (default-testResources) @ api-gateway ---
[INFO] Using 'UTF-8' encoding to copy filtered resources.
[INFO] skip non existing resourceDirectory D:\1-group-project-mss\clinic-appointment-system\infra\api-gateway\src\test\resources
[INFO] 
[INFO] --- maven-compiler-plugin:3.14.0:testCompile (default-testCompile) @ api-gateway ---
[INFO] Nothing to compile - all classes are up to date.
[INFO] 
[INFO] <<< spring-boot-maven-plugin:3.5.14:run (default-cli) < test-compile @ api-gateway <<<
[INFO] 
[INFO] 
[INFO] --- spring-boot-maven-plugin:3.5.14:run (default-cli) @ api-gateway ---
[INFO] Attaching agents: []

  .   ____          _            __ _ _
 /\\ / ___'_ __ _ _(_)_ __  __ _ \ \ \ \
( ( )\___ | '_ | '_| | '_ \/ _` | \ \ \ \
 \\/  ___)| |_)| | | | | || (_| |  ) ) ) )
  '  |____| .__|_| |_|_| |_\__, | / / / /
 =========|_|==============|___/=/_/_/_/

 :: Spring Boot ::               (v3.5.14)

2026-06-06T18:35:54.921+07:00  INFO 12580 --- [api-gateway] [           main] c.g.apigateway.ApiGatewayApplication     : Starting ApiGatewayApplication using Java 21.0.6 with PID 12580 (D:\1-group-project-mss\clinic-appointment-system\infra\api-gateway\target\classes started by Do Chien in D:\1-group-project-mss\clinic-appointment-system\infra\api-gateway)
2026-06-06T18:35:54.926+07:00  INFO 12580 --- [api-gateway] [           main] c.g.apigateway.ApiGatewayApplication     : No active profile set, falling back to 1 default profile: "default"
2026-06-06T18:35:56.966+07:00  INFO 12580 --- [api-gateway] [           main] o.s.cloud.context.scope.GenericScope     : BeanFactory id=cf8e04ce-b2f5-39f8-8cb0-34ddb31f4255
2026-06-06T18:35:57.647+07:00  INFO 12580 --- [api-gateway] [           main] ctiveUserDetailsServiceAutoConfiguration : 

Using generated security password: 6e001217-9721-4c0b-aac5-067ebd5c1896

2026-06-06T18:35:58.231+07:00  WARN 12580 --- [api-gateway] [           main] GatewayClassPathWarningAutoConfiguration : 

**********************************************************

The artifact spring-cloud-gateway-server is deprecated. It will be removed in the next major release. Please add spring-cloud-gateway-server-webflux dependency.

**********************************************************


2026-06-06T18:35:58.747+07:00  INFO 12580 --- [api-gateway] [           main] o.s.c.g.r.RouteDefinitionRouteLocator    : Loaded RoutePredicateFactory [After]
2026-06-06T18:35:58.747+07:00  INFO 12580 --- [api-gateway] [           main] o.s.c.g.r.RouteDefinitionRouteLocator    : Loaded RoutePredicateFactory [Before]
2026-06-06T18:35:58.748+07:00  INFO 12580 --- [api-gateway] [           main] o.s.c.g.r.RouteDefinitionRouteLocator    : Loaded RoutePredicateFactory [Between]
2026-06-06T18:35:58.748+07:00  INFO 12580 --- [api-gateway] [           main] o.s.c.g.r.RouteDefinitionRouteLocator    : Loaded RoutePredicateFactory [Cookie]
2026-06-06T18:35:58.748+07:00  INFO 12580 --- [api-gateway] [           main] o.s.c.g.r.RouteDefinitionRouteLocator    : Loaded RoutePredicateFactory [Header]
2026-06-06T18:35:58.749+07:00  INFO 12580 --- [api-gateway] [           main] o.s.c.g.r.RouteDefinitionRouteLocator    : Loaded RoutePredicateFactory [Host]
2026-06-06T18:35:58.749+07:00  INFO 12580 --- [api-gateway] [           main] o.s.c.g.r.RouteDefinitionRouteLocator    : Loaded RoutePredicateFactory [Method]
2026-06-06T18:35:58.749+07:00  INFO 12580 --- [api-gateway] [           main] o.s.c.g.r.RouteDefinitionRouteLocator    : Loaded RoutePredicateFactory [Path]
2026-06-06T18:35:58.749+07:00  INFO 12580 --- [api-gateway] [           main] o.s.c.g.r.RouteDefinitionRouteLocator    : Loaded RoutePredicateFactory [Query]
2026-06-06T18:35:58.749+07:00  INFO 12580 --- [api-gateway] [           main] o.s.c.g.r.RouteDefinitionRouteLocator    : Loaded RoutePredicateFactory [ReadBody]
2026-06-06T18:35:58.750+07:00  INFO 12580 --- [api-gateway] [           main] o.s.c.g.r.RouteDefinitionRouteLocator    : Loaded RoutePredicateFactory [RemoteAddr]
2026-06-06T18:35:58.750+07:00  INFO 12580 --- [api-gateway] [           main] o.s.c.g.r.RouteDefinitionRouteLocator    : Loaded RoutePredicateFactory [XForwardedRemoteAddr]
2026-06-06T18:35:58.751+07:00  INFO 12580 --- [api-gateway] [           main] o.s.c.g.r.RouteDefinitionRouteLocator    : Loaded RoutePredicateFactory [Weight]
2026-06-06T18:35:58.751+07:00  INFO 12580 --- [api-gateway] [           main] o.s.c.g.r.RouteDefinitionRouteLocator    : Loaded RoutePredicateFactory [CloudFoundryRouteService]
2026-06-06T18:35:59.103+07:00  INFO 12580 --- [api-gateway] [           main] o.s.b.a.e.web.EndpointLinksResolver      : Exposing 2 endpoints beneath base path '/actuator'
2026-06-06T18:35:59.463+07:00  INFO 12580 --- [api-gateway] [           main] DiscoveryClientOptionalArgsConfiguration : Eureka HTTP Client uses RestTemplate.
2026-06-06T18:35:59.494+07:00  WARN 12580 --- [api-gateway] [           main] s.w.s.StarterDeprecatedAutoConfiguration : 

**********************************************************

spring-cloud-starter-gateway is deprecated. It will be removed in the next major release. Please use spring-cloud-starter-gateway-server-webflux instead.

**********************************************************


2026-06-06T18:35:59.507+07:00  WARN 12580 --- [api-gateway] [           main] iguration$LoadBalancerCaffeineWarnLogger : Spring Cloud LoadBalancer is currently working with the default cache. While this cache implementation is useful for development and tests, it's recommended to use Caffeine cache in production.You can switch to using Caffeine cache, by adding it and org.springframework.cache.caffeine.CaffeineCacheManager to the classpath.
2026-06-06T18:35:59.580+07:00  INFO 12580 --- [api-gateway] [           main] o.s.c.n.eureka.InstanceInfoFactory       : Setting initial instance status as: STARTING
2026-06-06T18:35:59.624+07:00  INFO 12580 --- [api-gateway] [           main] com.netflix.discovery.DiscoveryClient    : Initializing Eureka in region us-east-1
2026-06-06T18:35:59.633+07:00  INFO 12580 --- [api-gateway] [           main] c.n.d.s.r.aws.ConfigClusterResolver      : Resolving eureka endpoints via configuration
2026-06-06T18:35:59.649+07:00  INFO 12580 --- [api-gateway] [           main] com.netflix.discovery.DiscoveryClient    : Disable delta property : false
2026-06-06T18:35:59.649+07:00  INFO 12580 --- [api-gateway] [           main] com.netflix.discovery.DiscoveryClient    : Single vip registry refresh property : null
2026-06-06T18:35:59.650+07:00  INFO 12580 --- [api-gateway] [           main] com.netflix.discovery.DiscoveryClient    : Force full registry fetch : false
2026-06-06T18:35:59.650+07:00  INFO 12580 --- [api-gateway] [           main] com.netflix.discovery.DiscoveryClient    : Application is null : false
2026-06-06T18:35:59.651+07:00  INFO 12580 --- [api-gateway] [           main] com.netflix.discovery.DiscoveryClient    : Registered Applications size is zero : true
2026-06-06T18:35:59.651+07:00  INFO 12580 --- [api-gateway] [           main] com.netflix.discovery.DiscoveryClient    : Application version is -1: true
2026-06-06T18:35:59.652+07:00  INFO 12580 --- [api-gateway] [           main] com.netflix.discovery.DiscoveryClient    : Getting all instance registry info from the eureka server
2026-06-06T18:36:00.720+07:00  INFO 12580 --- [api-gateway] [           main] com.netflix.discovery.DiscoveryClient    : The response status is 200
2026-06-06T18:36:00.725+07:00  INFO 12580 --- [api-gateway] [           main] com.netflix.discovery.DiscoveryClient    : Starting heartbeat executor: renew interval is: 30
2026-06-06T18:36:00.729+07:00  INFO 12580 --- [api-gateway] [           main] c.n.discovery.InstanceInfoReplicator     : InstanceInfoReplicator onDemand update allowed rate per min is 4
2026-06-06T18:36:00.733+07:00  INFO 12580 --- [api-gateway] [           main] com.netflix.discovery.DiscoveryClient    : Discovery Client initialized at timestamp 1780745760731 with initial instances count: 1
2026-06-06T18:36:00.739+07:00  INFO 12580 --- [api-gateway] [           main] o.s.c.n.e.s.EurekaServiceRegistry        : Registering application API-GATEWAY with eureka with status UP
2026-06-06T18:36:00.740+07:00  INFO 12580 --- [api-gateway] [           main] com.netflix.discovery.DiscoveryClient    : Saw local status change event StatusChangeEvent [timestamp=1780745760740, current=UP, previous=STARTING]
2026-06-06T18:36:00.743+07:00  INFO 12580 --- [api-gateway] [foReplicator-%d] com.netflix.discovery.DiscoveryClient    : DiscoveryClient_API-GATEWAY/DESKTOP-OPQKFUV.mshome.net:api-gateway:8080: registering service...
2026-06-06T18:36:00.833+07:00  INFO 12580 --- [api-gateway] [foReplicator-%d] com.netflix.discovery.DiscoveryClient    : DiscoveryClient_API-GATEWAY/DESKTOP-OPQKFUV.mshome.net:api-gateway:8080 - registration status: 204
2026-06-06T18:36:01.035+07:00  INFO 12580 --- [api-gateway] [           main] o.s.b.web.embedded.netty.NettyWebServer  : Netty started on port 8080 (http)
2026-06-06T18:36:01.037+07:00  INFO 12580 --- [api-gateway] [           main] .s.c.n.e.s.EurekaAutoServiceRegistration : Updating port to 8080
2026-06-06T18:36:01.096+07:00  INFO 12580 --- [api-gateway] [           main] c.g.apigateway.ApiGatewayApplication     : Started ApiGatewayApplication in 7.083 seconds (process running for 8.065)
2026-06-06T18:40:59.672+07:00  INFO 12580 --- [api-gateway] [rap-executor-%d] c.n.d.s.r.aws.ConfigClusterResolver      : Resolving eureka endpoints via configuration
2026-06-06T18:45:59.717+07:00  INFO 12580 --- [api-gateway] [rap-executor-%d] c.n.d.s.r.aws.ConfigClusterResolver      : Resolving eureka endpoints via configuration
2026-06-06T18:50:59.732+07:00  INFO 12580 --- [api-gateway] [rap-executor-%d] c.n.d.s.r.aws.ConfigClusterResolver      : Resolving eureka endpoints via configuration
2026-06-06T18:55:59.751+07:00  INFO 12580 --- [api-gateway] [rap-executor-%d] c.n.d.s.r.aws.ConfigClusterResolver      : Resolving eureka endpoints via configuration
