[INFO] Scanning for projects...
[INFO] 
[INFO] --------------------------< com.group01:user >--------------------------
[INFO] Building user-service 1.0-SNAPSHOT
[INFO] --------------------------------[ jar ]---------------------------------
[INFO] 
[INFO] >>> spring-boot-maven-plugin:3.5.14:run (default-cli) > test-compile @ user >>>
[INFO] 
[INFO] --- maven-resources-plugin:2.6:resources (default-resources) @ user ---
[INFO] Using 'UTF-8' encoding to copy filtered resources.
[INFO] Copying 3 resources
[INFO] 
[INFO] --- maven-compiler-plugin:3.14.0:compile (default-compile) @ user ---
[INFO] Nothing to compile - all classes are up to date.
[INFO] 
[INFO] --- maven-resources-plugin:2.6:testResources (default-testResources) @ user ---
[INFO] Using 'UTF-8' encoding to copy filtered resources.
[INFO] skip non existing resourceDirectory D:\1-group-project-mss\clinic-appointment-system\services\user-service\src\test\resources
[INFO] 
[INFO] --- maven-compiler-plugin:3.14.0:testCompile (default-testCompile) @ user ---
[INFO] Nothing to compile - all classes are up to date.
[INFO] 
[INFO] <<< spring-boot-maven-plugin:3.5.14:run (default-cli) < test-compile @ user <<<
[INFO] 
[INFO] 
[INFO] --- spring-boot-maven-plugin:3.5.14:run (default-cli) @ user ---
[INFO] Attaching agents: []

  .   ____          _            __ _ _
 /\\ / ___'_ __ _ _(_)_ __  __ _ \ \ \ \
( ( )\___ | '_ | '_| | '_ \/ _` | \ \ \ \
 \\/  ___)| |_)| | | | | || (_| |  ) ) ) )
  '  |____| .__|_| |_|_| |_\__, | / / / /
 =========|_|==============|___/=/_/_/_/

 :: Spring Boot ::               (v3.5.14)

2026-06-06T18:31:25.878+07:00  INFO 12168 --- [user-service] [           main] c.group01.user.UserServiceApplication    : Starting UserServiceApplication using Java 21.0.6 with PID 12168 (D:\1-group-project-mss\clinic-appointment-system\services\user-service\target\classes started by Do Chien in D:\1-group-project-mss\clinic-appointment-system\services\user-service)
2026-06-06T18:31:25.880+07:00  INFO 12168 --- [user-service] [           main] c.group01.user.UserServiceApplication    : No active profile set, falling back to 1 default profile: "default"
2026-06-06T18:31:27.350+07:00  INFO 12168 --- [user-service] [           main] .s.d.r.c.RepositoryConfigurationDelegate : Bootstrapping Spring Data JPA repositories in DEFAULT mode.
2026-06-06T18:31:27.574+07:00  INFO 12168 --- [user-service] [           main] .s.d.r.c.RepositoryConfigurationDelegate : Finished Spring Data repository scanning in 211 ms. Found 3 JPA repository interfaces.
2026-06-06T18:31:27.869+07:00  INFO 12168 --- [user-service] [           main] o.s.cloud.context.scope.GenericScope     : BeanFactory id=345f4ac5-ec67-3627-84b6-dd5a2c446f29
2026-06-06T18:31:28.407+07:00  INFO 12168 --- [user-service] [           main] o.s.b.w.embedded.tomcat.TomcatWebServer  : Tomcat initialized with port 8085 (http)
2026-06-06T18:31:28.424+07:00  INFO 12168 --- [user-service] [           main] o.apache.catalina.core.StandardService   : Starting service [Tomcat]
2026-06-06T18:31:28.425+07:00  INFO 12168 --- [user-service] [           main] o.apache.catalina.core.StandardEngine    : Starting Servlet engine: [Apache Tomcat/10.1.54]
2026-06-06T18:31:28.518+07:00  INFO 12168 --- [user-service] [           main] o.a.c.c.C.[Tomcat].[localhost].[/]       : Initializing Spring embedded WebApplicationContext
2026-06-06T18:31:28.520+07:00  INFO 12168 --- [user-service] [           main] w.s.c.ServletWebServerApplicationContext : Root WebApplicationContext: initialization completed in 2587 ms
2026-06-06T18:31:29.052+07:00  INFO 12168 --- [user-service] [           main] com.zaxxer.hikari.HikariDataSource       : HikariPool-1 - Starting...
2026-06-06T18:31:29.340+07:00  INFO 12168 --- [user-service] [           main] com.zaxxer.hikari.pool.HikariPool        : HikariPool-1 - Added connection org.postgresql.jdbc.PgConnection@1b4ba615
2026-06-06T18:31:29.343+07:00  INFO 12168 --- [user-service] [           main] com.zaxxer.hikari.HikariDataSource       : HikariPool-1 - Start completed.
2026-06-06T18:31:29.393+07:00  INFO 12168 --- [user-service] [           main] org.flywaydb.core.FlywayExecutor         : Database: jdbc:postgresql://localhost:5432/user_db (PostgreSQL 18.4)
2026-06-06T18:31:29.420+07:00  WARN 12168 --- [user-service] [           main] o.f.c.internal.database.base.Database    : Flyway upgrade recommended: PostgreSQL 18.4 is newer than this version of Flyway and support has not been tested. The latest supported version of PostgreSQL is 17.
2026-06-06T18:31:29.533+07:00  INFO 12168 --- [user-service] [           main] o.f.core.internal.command.DbValidate     : Successfully validated 2 migrations (execution time 00:00.091s)
2026-06-06T18:31:29.557+07:00  INFO 12168 --- [user-service] [           main] o.f.core.internal.command.DbMigrate      : Current version of schema "public": 2
2026-06-06T18:31:29.560+07:00  INFO 12168 --- [user-service] [           main] o.f.core.internal.command.DbMigrate      : Schema "public" is up to date. No migration necessary.
2026-06-06T18:31:29.685+07:00  INFO 12168 --- [user-service] [           main] o.hibernate.jpa.internal.util.LogHelper  : HHH000204: Processing PersistenceUnitInfo [name: default]
2026-06-06T18:31:29.782+07:00  INFO 12168 --- [user-service] [           main] org.hibernate.Version                    : HHH000412: Hibernate ORM core version 6.6.49.Final
2026-06-06T18:31:29.840+07:00  INFO 12168 --- [user-service] [           main] o.h.c.internal.RegionFactoryInitiator    : HHH000026: Second-level cache disabled
2026-06-06T18:31:30.280+07:00  INFO 12168 --- [user-service] [           main] o.s.o.j.p.SpringPersistenceUnitInfo      : No LoadTimeWeaver setup: ignoring JPA class transformer
2026-06-06T18:31:30.376+07:00  WARN 12168 --- [user-service] [           main] org.hibernate.orm.deprecation            : HHH90000025: PostgreSQLDialect does not need to be specified explicitly using 'hibernate.dialect' (remove the property setting and it will be selected by default)
2026-06-06T18:31:30.401+07:00  INFO 12168 --- [user-service] [           main] org.hibernate.orm.connections.pooling    : HHH10001005: Database info:
	Database JDBC URL [Connecting through datasource 'HikariDataSource (HikariPool-1)']
	Database driver: undefined/unknown
	Database version: 18.4
	Autocommit mode: undefined/unknown
	Isolation level: undefined/unknown
	Minimum pool size: undefined/unknown
	Maximum pool size: undefined/unknown
2026-06-06T18:31:31.666+07:00  INFO 12168 --- [user-service] [           main] o.h.e.t.j.p.i.JtaPlatformInitiator       : HHH000489: No JTA platform available (set 'hibernate.transaction.jta.platform' to enable JTA platform integration)
2026-06-06T18:31:31.790+07:00  INFO 12168 --- [user-service] [           main] j.LocalContainerEntityManagerFactoryBean : Initialized JPA EntityManagerFactory for persistence unit 'default'
2026-06-06T18:31:32.334+07:00  INFO 12168 --- [user-service] [           main] o.s.d.j.r.query.QueryEnhancerFactory     : Hibernate is in classpath; If applicable, HQL parser will be used.
2026-06-06T18:31:33.770+07:00  INFO 12168 --- [user-service] [           main] DiscoveryClientOptionalArgsConfiguration : Eureka HTTP Client uses RestTemplate.
2026-06-06T18:31:33.834+07:00  WARN 12168 --- [user-service] [           main] iguration$LoadBalancerCaffeineWarnLogger : Spring Cloud LoadBalancer is currently working with the default cache. While this cache implementation is useful for development and tests, it's recommended to use Caffeine cache in production.You can switch to using Caffeine cache, by adding it and org.springframework.cache.caffeine.CaffeineCacheManager to the classpath.
2026-06-06T18:31:33.847+07:00  INFO 12168 --- [user-service] [           main] o.s.b.a.e.web.EndpointLinksResolver      : Exposing 2 endpoints beneath base path '/actuator'
2026-06-06T18:31:33.928+07:00  INFO 12168 --- [user-service] [           main] o.s.c.n.eureka.InstanceInfoFactory       : Setting initial instance status as: STARTING
2026-06-06T18:31:33.959+07:00  INFO 12168 --- [user-service] [           main] com.netflix.discovery.DiscoveryClient    : Initializing Eureka in region us-east-1
2026-06-06T18:31:33.965+07:00  INFO 12168 --- [user-service] [           main] c.n.d.s.r.aws.ConfigClusterResolver      : Resolving eureka endpoints via configuration
2026-06-06T18:31:33.978+07:00  INFO 12168 --- [user-service] [           main] com.netflix.discovery.DiscoveryClient    : Disable delta property : false
2026-06-06T18:31:33.978+07:00  INFO 12168 --- [user-service] [           main] com.netflix.discovery.DiscoveryClient    : Single vip registry refresh property : null
2026-06-06T18:31:33.978+07:00  INFO 12168 --- [user-service] [           main] com.netflix.discovery.DiscoveryClient    : Force full registry fetch : false
2026-06-06T18:31:33.979+07:00  INFO 12168 --- [user-service] [           main] com.netflix.discovery.DiscoveryClient    : Application is null : false
2026-06-06T18:31:33.980+07:00  INFO 12168 --- [user-service] [           main] com.netflix.discovery.DiscoveryClient    : Registered Applications size is zero : true
2026-06-06T18:31:33.980+07:00  INFO 12168 --- [user-service] [           main] com.netflix.discovery.DiscoveryClient    : Application version is -1: true
2026-06-06T18:31:33.980+07:00  INFO 12168 --- [user-service] [           main] com.netflix.discovery.DiscoveryClient    : Getting all instance registry info from the eureka server
2026-06-06T18:31:34.574+07:00  INFO 12168 --- [user-service] [           main] com.netflix.discovery.DiscoveryClient    : The response status is 200
2026-06-06T18:31:34.576+07:00  INFO 12168 --- [user-service] [           main] com.netflix.discovery.DiscoveryClient    : Starting heartbeat executor: renew interval is: 30
2026-06-06T18:31:34.579+07:00  INFO 12168 --- [user-service] [           main] c.n.discovery.InstanceInfoReplicator     : InstanceInfoReplicator onDemand update allowed rate per min is 4
2026-06-06T18:31:34.581+07:00  INFO 12168 --- [user-service] [           main] com.netflix.discovery.DiscoveryClient    : Discovery Client initialized at timestamp 1780745494580 with initial instances count: 0
2026-06-06T18:31:34.585+07:00  INFO 12168 --- [user-service] [           main] o.s.c.n.e.s.EurekaServiceRegistry        : Registering application USER-SERVICE with eureka with status UP
2026-06-06T18:31:34.586+07:00  INFO 12168 --- [user-service] [           main] com.netflix.discovery.DiscoveryClient    : Saw local status change event StatusChangeEvent [timestamp=1780745494586, current=UP, previous=STARTING]
2026-06-06T18:31:34.590+07:00  INFO 12168 --- [user-service] [foReplicator-%d] com.netflix.discovery.DiscoveryClient    : DiscoveryClient_USER-SERVICE/DESKTOP-OPQKFUV.mshome.net:user-service:8085: registering service...
2026-06-06T18:31:34.625+07:00  INFO 12168 --- [user-service] [           main] o.s.b.w.embedded.tomcat.TomcatWebServer  : Tomcat started on port 8085 (http) with context path '/'
2026-06-06T18:31:34.628+07:00  INFO 12168 --- [user-service] [           main] .s.c.n.e.s.EurekaAutoServiceRegistration : Updating port to 8085
2026-06-06T18:31:34.666+07:00  INFO 12168 --- [user-service] [           main] c.group01.user.UserServiceApplication    : Started UserServiceApplication in 9.461 seconds (process running for 10.422)
2026-06-06T18:31:34.834+07:00  INFO 12168 --- [user-service] [foReplicator-%d] com.netflix.discovery.DiscoveryClient    : DiscoveryClient_USER-SERVICE/DESKTOP-OPQKFUV.mshome.net:user-service:8085 - registration status: 204
2026-06-06T18:31:52.763+07:00  INFO 12168 --- [user-service] [nio-8085-exec-1] o.a.c.c.C.[Tomcat].[localhost].[/]       : Initializing Spring DispatcherServlet 'dispatcherServlet'
2026-06-06T18:31:52.764+07:00  INFO 12168 --- [user-service] [nio-8085-exec-1] o.s.web.servlet.DispatcherServlet        : Initializing Servlet 'dispatcherServlet'
2026-06-06T18:31:52.768+07:00  INFO 12168 --- [user-service] [nio-8085-exec-1] o.s.web.servlet.DispatcherServlet        : Completed initialization in 3 ms
2026-06-06T18:32:04.609+07:00  INFO 12168 --- [user-service] [reshExecutor-%d] com.netflix.discovery.DiscoveryClient    : Disable delta property : false
2026-06-06T18:32:04.610+07:00  INFO 12168 --- [user-service] [reshExecutor-%d] com.netflix.discovery.DiscoveryClient    : Single vip registry refresh property : null
2026-06-06T18:32:04.611+07:00  INFO 12168 --- [user-service] [reshExecutor-%d] com.netflix.discovery.DiscoveryClient    : Force full registry fetch : false
2026-06-06T18:32:04.611+07:00  INFO 12168 --- [user-service] [reshExecutor-%d] com.netflix.discovery.DiscoveryClient    : Application is null : false
2026-06-06T18:32:04.611+07:00  INFO 12168 --- [user-service] [reshExecutor-%d] com.netflix.discovery.DiscoveryClient    : Registered Applications size is zero : true
2026-06-06T18:32:04.612+07:00  INFO 12168 --- [user-service] [reshExecutor-%d] com.netflix.discovery.DiscoveryClient    : Application version is -1: false
2026-06-06T18:32:04.612+07:00  INFO 12168 --- [user-service] [reshExecutor-%d] com.netflix.discovery.DiscoveryClient    : Getting all instance registry info from the eureka server
2026-06-06T18:32:04.727+07:00  INFO 12168 --- [user-service] [reshExecutor-%d] com.netflix.discovery.DiscoveryClient    : The response status is 200
[INFO] ------------------------------------------------------------------------
[INFO] BUILD FAILURE
[INFO] ------------------------------------------------------------------------
[INFO] Total time:  02:32 min
[INFO] Finished at: 2026-06-06T18:33:51+07:00
[INFO] ------------------------------------------------------------------------
[ERROR] Failed to execute goal org.springframework.boot:spring-boot-maven-plugin:3.5.14:run (default-cli) on project user: Process terminated with exit code: -1 -> [Help 1]
[ERROR] 
[ERROR] To see the full stack trace of the errors, re-run Maven with the -e switch.
[ERROR] Re-run Maven using the -X switch to enable full debug logging.
[ERROR] 
[ERROR] For more information about the errors and possible solutions, please read the following articles:
[ERROR] [Help 1] http://cwiki.apache.org/confluence/display/MAVEN/MojoExecutionException
